[0.052s] Invoking command in '/root/ros2-complimentary-filter/build/complementary_filter': CMAKE_PREFIX_PATH=/opt/ros/humble /usr/bin/cmake /root/ros2-complimentary-filter/src/complementary_filter -DCMAKE_INSTALL_PREFIX=/root/ros2-complimentary-filter/install/complementary_filter
[0.442s] -- The C compiler identification is GNU 11.4.0
[0.666s] -- The CXX compiler identification is GNU 11.4.0
[0.684s] -- Detecting C compiler ABI info
[0.816s] -- Detecting C compiler ABI info - done
[0.831s] -- Check for working C compiler: /usr/bin/cc - skipped
[0.832s] -- Detecting C compile features
[0.835s] -- Detecting C compile features - done
[0.841s] -- Detecting CXX compiler ABI info
[0.943s] -- Detecting CXX compiler ABI info - done
[0.955s] -- Check for working CXX compiler: /usr/bin/c++ - skipped
[0.956s] -- Detecting CXX compile features
[0.956s] -- Detecting CXX compile features - done
[1.044s] -- Found ament_cmake: 1.3.11 (/opt/ros/humble/share/ament_cmake/cmake)
[1.221s] -- Found Python3: /usr/bin/python3 (found version "3.10.12") found components: Interpreter 
[1.397s] -- Found rclcpp: 16.0.12 (/opt/ros/humble/share/rclcpp/cmake)
[1.518s] -- Found rosidl_generator_c: 3.1.6 (/opt/ros/humble/share/rosidl_generator_c/cmake)
[1.537s] -- Found rosidl_adapter: 3.1.6 (/opt/ros/humble/share/rosidl_adapter/cmake)
[1.560s] -- Found rosidl_generator_cpp: 3.1.6 (/opt/ros/humble/share/rosidl_generator_cpp/cmake)
[1.598s] -- Using all available rosidl_typesupport_c: rosidl_typesupport_fastrtps_c;rosidl_typesupport_introspection_c
[1.639s] -- Using all available rosidl_typesupport_cpp: rosidl_typesupport_fastrtps_cpp;rosidl_typesupport_introspection_cpp
[1.757s] -- Found rmw_implementation_cmake: 6.1.2 (/opt/ros/humble/share/rmw_implementation_cmake/cmake)
[1.765s] -- Found rmw_fastrtps_cpp: 6.2.7 (/opt/ros/humble/share/rmw_fastrtps_cpp/cmake)
[1.932s] -- Found OpenSSL: /usr/lib/x86_64-linux-gnu/libcrypto.so (found version "3.0.2")  
[1.974s] -- Found FastRTPS: /opt/ros/humble/include  
[2.032s] -- Using RMW implementation 'rmw_fastrtps_cpp' as default
[2.060s] -- Looking for pthread.h
[2.156s] -- Looking for pthread.h - found
[2.157s] -- Performing Test CMAKE_HAVE_LIBC_PTHREAD
[2.249s] -- Performing Test CMAKE_HAVE_LIBC_PTHREAD - Success
[2.252s] -- Found Threads: TRUE  
[2.403s] -- Found sensor_msgs: 4.8.0 (/opt/ros/humble/share/sensor_msgs/cmake)
[2.490s] -- Found ament_lint_auto: 0.12.12 (/opt/ros/humble/share/ament_lint_auto/cmake)
[2.622s] -- Added test 'cppcheck' to perform static code analysis on C / C++ code
[2.622s] -- Configured cppcheck include dirs: 
[2.622s] -- Configured cppcheck exclude dirs and/or files: 
[2.625s] -- Added test 'lint_cmake' to check CMake code style
[2.627s] -- Added test 'uncrustify' to check C / C++ code style
[2.627s] -- Configured uncrustify additional arguments: 
[2.629s] -- Added test 'xmllint' to check XML markup files
[2.638s] -- Configuring done
[2.671s] -- Generating done
[2.683s] -- Build files have been written to: /root/ros2-complimentary-filter/build/complementary_filter
[2.702s] Invoked command in '/root/ros2-complimentary-filter/build/complementary_filter' returned '0': CMAKE_PREFIX_PATH=/opt/ros/humble /usr/bin/cmake /root/ros2-complimentary-filter/src/complementary_filter -DCMAKE_INSTALL_PREFIX=/root/ros2-complimentary-filter/install/complementary_filter
[2.705s] Invoking command in '/root/ros2-complimentary-filter/build/complementary_filter': CMAKE_PREFIX_PATH=/opt/ros/humble /usr/bin/cmake --build /root/ros2-complimentary-filter/build/complementary_filter -- -j8 -l8
[2.772s] [ 66%] [32mBuilding CXX object CMakeFiles/complementary_filter_node.dir/src/complementary_filter_node.cpp.o[0m
[2.773s] [ 66%] [32mBuilding CXX object CMakeFiles/complementary_filter_node.dir/src/complementary_filter.cpp.o[0m
[2.800s] [01m[K/root/ros2-complimentary-filter/src/complementary_filter/src/complementary_filter.cpp:1:10:[m[K [01;31m[Kfatal error: [m[Kcomplementary_filter/complementary_filter.hpp: No such file or directory
[2.801s]     1 | #include [01;31m[K"complementary_filter/complementary_filter.hpp"[m[K
[2.801s]       |          [01;31m[K^~~~~~~~~~~~~~~~~~~~~~~~~~~~~~~~~~~~~~~~~~~~~~~[m[K
[2.801s] compilation terminated.
[2.801s] gmake[2]: *** [CMakeFiles/complementary_filter_node.dir/build.make:90: CMakeFiles/complementary_filter_node.dir/src/complementary_filter.cpp.o] Error 1
[2.801s] gmake[2]: *** Waiting for unfinished jobs....
[3.454s] [01m[K/root/ros2-complimentary-filter/src/complementary_filter/src/complementary_filter_node.cpp:4:10:[m[K [01;31m[Kfatal error: [m[Kcomplementary_filter/complementary_filter.hpp: No such file or directory
[3.454s]     4 | #include [01;31m[K"complementary_filter/complementary_filter.hpp"[m[K
[3.454s]       |          [01;31m[K^~~~~~~~~~~~~~~~~~~~~~~~~~~~~~~~~~~~~~~~~~~~~~~[m[K
[3.454s] compilation terminated.
[3.455s] gmake[2]: *** [CMakeFiles/complementary_filter_node.dir/build.make:76: CMakeFiles/complementary_filter_node.dir/src/complementary_filter_node.cpp.o] Error 1
[3.455s] gmake[1]: *** [CMakeFiles/Makefile2:137: CMakeFiles/complementary_filter_node.dir/all] Error 2
[3.455s] gmake: *** [Makefile:146: all] Error 2
[3.458s] Invoked command in '/root/ros2-complimentary-filter/build/complementary_filter' returned '2': CMAKE_PREFIX_PATH=/opt/ros/humble /usr/bin/cmake --build /root/ros2-complimentary-filter/build/complementary_filter -- -j8 -l8
